# JRE version: Java(TM) SE Runtime Environment (8.0_301-b09) (build 1.8.0_301-b09)
# Java VM: Java HotSpot(TM) 64-Bit Server VM (25.301-b09 mixed mode bsd-amd64 compressed oops)
Heap:
 PSYoungGen      total 176640K, used 10216K [0x0000000795580000, 0x00000007a3d00000, 0x00000007c0000000)
  eden space 166400K, 0% used [0x0000000795580000,0x0000000795580000,0x000000079f800000)
  from space 10240K, 99% used [0x00000007a0380000,0x00000007a0d7a390,0x00000007a0d80000)
  to   space 11776K, 0% used [0x000000079f800000,0x000000079f800000,0x00000007a0380000)
 ParOldGen       total 56832K, used 10988K [0x0000000740000000, 0x0000000743780000, 0x0000000795580000)
  object space 56832K, 19% used [0x0000000740000000,0x0000000740abb200,0x0000000743780000)
 Metaspace       used 33286K, capacity 35332K, committed 35456K, reserved 1079296K
  class space    used 4130K, capacity 4645K, committed 4736K, reserved 1048576K
GC Heap History (10 events):
Event: 1.327 GC heap after
Heap after GC invocations=5 (full 0):
 PSYoungGen      total 71680K, used 5116K [0x0000000795580000, 0x000000079e880000, 0x00000007c0000000)
  eden space 66560K, 0% used [0x0000000795580000,0x0000000795580000,0x0000000799680000)
  from space 5120K, 99% used [0x0000000799680000,0x0000000799b7f1a0,0x0000000799b80000)
  to   space 8704K, 0% used [0x000000079e000000,0x000000079e000000,0x000000079e880000)
 ParOldGen       total 87552K, used 4656K [0x0000000740000000, 0x0000000745580000, 0x0000000795580000)
  object space 87552K, 5% used [0x0000000740000000,0x000000074048c268,0x0000000745580000)
 Metaspace       used 20482K, capacity 21170K, committed 21296K, reserved 1069056K
  class space    used 2430K, capacity 2621K, committed 2688K, reserved 1048576K
}
Event: 1.327 GC heap before
{Heap before GC invocations=6 (full 1):
 PSYoungGen      total 71680K, used 5116K [0x0000000795580000, 0x000000079e880000, 0x00000007c0000000)
  eden space 66560K, 0% used [0x0000000795580000,0x0000000795580000,0x0000000799680000)
  from space 5120K, 99% used [0x0000000799680000,0x0000000799b7f1a0,0x0000000799b80000)
  to   space 8704K, 0% used [0x000000079e000000,0x000000079e000000,0x000000079e880000)
 ParOldGen       total 87552K, used 4656K [0x0000000740000000, 0x0000000745580000, 0x0000000795580000)
  object space 87552K, 5% used [0x0000000740000000,0x000000074048c268,0x0000000745580000)
 Metaspace       used 20482K, capacity 21170K, committed 21296K, reserved 1069056K
  class space    used 2430K, capacity 2621K, committed 2688K, reserved 1048576K
Event: 1.346 GC heap after
Heap after GC invocations=6 (full 1):
 PSYoungGen      total 71680K, used 0K [0x0000000795580000, 0x000000079e880000, 0x00000007c0000000)
  eden space 66560K, 0% used [0x0000000795580000,0x0000000795580000,0x0000000799680000)
  from space 5120K, 0% used [0x0000000799680000,0x0000000799680000,0x0000000799b80000)
  to   space 8704K, 0% used [0x000000079e000000,0x000000079e000000,0x000000079e880000)
 ParOldGen       total 56832K, used 7649K [0x0000000740000000, 0x0000000743780000, 0x0000000795580000)
  object space 56832K, 13% used [0x0000000740000000,0x00000007407785c0,0x0000000743780000)
 Metaspace       used 20482K, capacity 21170K, committed 21296K, reserved 1069056K
  class space    used 2430K, capacity 2621K, committed 2688K, reserved 1048576K
}
Event: 1.778 GC heap before
{Heap before GC invocations=7 (full 1):
 PSYoungGen      total 71680K, used 66560K [0x0000000795580000, 0x000000079e880000, 0x00000007c0000000)
  eden space 66560K, 100% used [0x0000000795580000,0x0000000799680000,0x0000000799680000)
  from space 5120K, 0% used [0x0000000799680000,0x0000000799680000,0x0000000799b80000)
  to   space 8704K, 0% used [0x000000079e000000,0x000000079e000000,0x000000079e880000)
 ParOldGen       total 56832K, used 7649K [0x0000000740000000, 0x0000000743780000, 0x0000000795580000)
  object space 56832K, 13% used [0x0000000740000000,0x00000007407785c0,0x0000000743780000)
 Metaspace       used 25931K, capacity 27176K, committed 27264K, reserved 1073152K
  class space    used 3188K, capacity 3454K, committed 3456K, reserved 1048576K
Event: 1.783 GC heap after
Heap after GC invocations=7 (full 1):
 PSYoungGen      total 113152K, used 6357K [0x0000000795580000, 0x000000079e680000, 0x00000007c0000000)
  eden space 106496K, 0% used [0x0000000795580000,0x0000000795580000,0x000000079bd80000)
  from space 6656K, 95% used [0x000000079e000000,0x000000079e635528,0x000000079e680000)
  to   space 8192K, 0% used [0x000000079d680000,0x000000079d680000,0x000000079de80000)
 ParOldGen       total 56832K, used 7657K [0x0000000740000000, 0x0000000743780000, 0x0000000795580000)
  object space 56832K, 13% used [0x0000000740000000,0x000000074077a5c0,0x0000000743780000)
 Metaspace       used 25931K, capacity 27176K, committed 27264K, reserved 1073152K
  class space    used 3188K, capacity 3454K, committed 3456K, reserved 1048576K
}
Event: 2.292 GC heap before
{Heap before GC invocations=8 (full 1):
 PSYoungGen      total 113152K, used 112853K [0x0000000795580000, 0x000000079e680000, 0x00000007c0000000)
  eden space 106496K, 100% used [0x0000000795580000,0x000000079bd80000,0x000000079bd80000)
  from space 6656K, 95% used [0x000000079e000000,0x000000079e635528,0x000000079e680000)
  to   space 8192K, 0% used [0x000000079d680000,0x000000079d680000,0x000000079de80000)
 ParOldGen       total 56832K, used 7657K [0x0000000740000000, 0x0000000743780000, 0x0000000795580000)
  object space 56832K, 13% used [0x0000000740000000,0x000000074077a5c0,0x0000000743780000)
 Metaspace       used 30919K, capacity 32774K, committed 32896K, reserved 1077248K
  class space    used 3771K, capacity 4215K, committed 4224K, reserved 1048576K
Event: 2.300 GC heap after
Heap after GC invocations=8 (full 1):
 PSYoungGen      total 140288K, used 8163K [0x0000000795580000, 0x00000007a0d80000, 0x00000007c0000000)
  eden space 132096K, 0% used [0x0000000795580000,0x0000000795580000,0x000000079d680000)
  from space 8192K, 99% used [0x000000079d680000,0x000000079de78ce0,0x000000079de80000)
  to   space 10240K, 0% used [0x00000007a0380000,0x00000007a0380000,0x00000007a0d80000)
 ParOldGen       total 56832K, used 9537K [0x0000000740000000, 0x0000000743780000, 0x0000000795580000)
  object space 56832K, 16% used [0x0000000740000000,0x00000007409507a8,0x0000000743780000)
 Metaspace       used 30919K, capacity 32774K, committed 32896K, reserved 1077248K
  class space    used 3771K, capacity 4215K, committed 4224K, reserved 1048576K
}
Event: 2.556 GC heap before
{Heap before GC invocations=9 (full 1):
 PSYoungGen      total 140288K, used 59640K [0x0000000795580000, 0x00000007a0d80000, 0x00000007c0000000)
  eden space 132096K, 38% used [0x0000000795580000,0x00000007987c5678,0x000000079d680000)
  from space 8192K, 99% used [0x000000079d680000,0x000000079de78ce0,0x000000079de80000)
  to   space 10240K, 0% used [0x00000007a0380000,0x00000007a0380000,0x00000007a0d80000)
 ParOldGen       total 56832K, used 9537K [0x0000000740000000, 0x0000000743780000, 0x0000000795580000)
  object space 56832K, 16% used [0x0000000740000000,0x00000007409507a8,0x0000000743780000)
 Metaspace       used 33286K, capacity 35332K, committed 35456K, reserved 1079296K
  class space    used 4130K, capacity 4645K, committed 4736K, reserved 1048576K
Event: 2.565 GC heap after
Heap after GC invocations=9 (full 1):
 PSYoungGen      total 176640K, used 10216K [0x0000000795580000, 0x00000007a3d00000, 0x00000007c0000000)
  eden space 166400K, 0% used [0x0000000795580000,0x0000000795580000,0x000000079f800000)
  from space 10240K, 99% used [0x00000007a0380000,0x00000007a0d7a390,0x00000007a0d80000)
  to   space 11776K, 0% used [0x000000079f800000,0x000000079f800000,0x00000007a0380000)
 ParOldGen       total 56832K, used 10988K [0x0000000740000000, 0x0000000743780000, 0x0000000795580000)
  object space 56832K, 19% used [0x0000000740000000,0x0000000740abb200,0x0000000743780000)
 Metaspace       used 33286K, capacity 35332K, committed 35456K, reserved 1079296K
  class space    used 4130K, capacity 4645K, committed 4736K, reserved 1048576K
}
Event: 2.565 GC heap before
{Heap before GC invocations=10 (full 2):
 PSYoungGen      total 176640K, used 10216K [0x0000000795580000, 0x00000007a3d00000, 0x00000007c0000000)
  eden space 166400K, 0% used [0x0000000795580000,0x0000000795580000,0x000000079f800000)
  from space 10240K, 99% used [0x00000007a0380000,0x00000007a0d7a390,0x00000007a0d80000)
  to   space 11776K, 0% used [0x000000079f800000,0x000000079f800000,0x00000007a0380000)
 ParOldGen       total 56832K, used 10988K [0x0000000740000000, 0x0000000743780000, 0x0000000795580000)
  object space 56832K, 19% used [0x0000000740000000,0x0000000740abb200,0x0000000743780000)
 Metaspace       used 33286K, capacity 35332K, committed 35456K, reserved 1079296K
  class space    used 4130K, capacity 4645K, committed 4736K, reserved 1048576K

