<?xml version="1.0" encoding="UTF-8"?><testsuite errors="1" failures="0" name="Aviation API checks" skipped="0" tests="1" time="0.5" timestamp="2021-08-07 06:44:23"><testcase name="Tracking and retrieving real time flight status"><error type="java.lang.NullPointerException"/><system-err>null
com.aviation.apiautomation.utilities.ConfigurationReader.getPropertyValue(ConfigurationReader.java:21)
com.aviation.apiautomation.tests.RealTimeFlightTests.iAmAnAuthorisedUser(Aviation.java:28)
✽.i am an authorised user(file:///Users/kavyaps/Intellij%20Projects/LeaseDigitalAPIAutomation/src/test/resources/features/Aviation.feature:5)
</system-err></testcase></testsuite>