<?xml version="1.0" encoding="UTF-8"?><testsuite errors="0" failures="8" name="Aviation API checks" skipped="0" tests="8" time="6.61" timestamp="2021-08-09 11:15:48"><testcase name="Tracking and retrieving historical flight status"><failure message="1 expectation failed.&#10;Expected status code &lt;200&gt; but was &lt;429&gt;.&#10;" type="java.lang.AssertionError">1 expectation failed.
Expected status code &lt;200&gt; but was &lt;429&gt;.
</failure><system-err>1 expectation failed.
Expected status code &lt;200&gt; but was &lt;429&gt;.

io.restassured.internal.ResponseSpecificationImpl.validateResponseIfRequired(ResponseSpecificationImpl.groovy:674)
io.restassured.internal.ResponseSpecificationImpl.statusCode(ResponseSpecificationImpl.groovy:126)
io.restassured.internal.ResponseSpecificationImpl.statusCode(ResponseSpecificationImpl.groovy:134)
io.restassured.internal.ValidatableResponseOptionsImpl.statusCode(ValidatableResponseOptionsImpl.java:89)
io.restassured.internal.ValidatableResponseImpl.super$2$statusCode(ValidatableResponseImpl.groovy)
groovy.lang.MetaMethod.doMethodInvoke(MetaMethod.java:323)
groovy.lang.MetaClassImpl.invokeMethod(MetaClassImpl.java:1268)
io.restassured.internal.ValidatableResponseImpl.statusCode(ValidatableResponseImpl.groovy:142)
io.restassured.internal.ValidatableResponseImpl.statusCode(ValidatableResponseImpl.groovy)
com.aviation.apiautomation.stepdefinitions.common.AuthorisationSteps.authKeyVerificationSuccessful(AuthorisationSteps.java:26)
✽.i validate successful authorisation(file:///Users/kavyaps/Intellij%20Projects/LeaseDigitalAPIAutomation/src/test/resources/features/HistoricalFlights.feature:5)
</system-err></testcase></testsuite>