<?xml version="1.0" encoding="UTF-8"?><testsuite errors="0" failures="12" name="Aviation API checks positive scenario" skipped="0" tests="12" time="7.96" timestamp="2021-08-08 03:25:20"><testcase name="Tracking and retrieving real time flight pagination count"><failure message="1 expectation failed.&#10;Expected status code &lt;200&gt; but was &lt;429&gt;.&#10;" type="java.lang.AssertionError">1 expectation failed.
Expected status code &lt;200&gt; but was &lt;429&gt;.
</failure><system-err>1 expectation failed.
Expected status code &lt;200&gt; but was &lt;429&gt;.

io.restassured.internal.ResponseSpecificationImpl.validateResponseIfRequired(ResponseSpecificationImpl.groovy:674)
io.restassured.internal.ResponseSpecificationImpl.statusCode(ResponseSpecificationImpl.groovy:126)
io.restassured.internal.ResponseSpecificationImpl.statusCode(ResponseSpecificationImpl.groovy:134)
io.restassured.internal.ValidatableResponseOptionsImpl.statusCode(ValidatableResponseOptionsImpl.java:89)
io.restassured.internal.ValidatableResponseImpl.super$2$statusCode(ValidatableResponseImpl.groovy)
groovy.lang.MetaMethod.doMethodInvoke(MetaMethod.java:323)
groovy.lang.MetaClassImpl.invokeMethod(MetaClassImpl.java:1268)
io.restassured.internal.ValidatableResponseImpl.statusCode(ValidatableResponseImpl.groovy:142)
io.restassured.internal.ValidatableResponseImpl.statusCode(ValidatableResponseImpl.groovy)
com.aviation.apiautomation.stepdefinitions.common.AuthorisationSteps.authKeyVerificationSuccessful(AuthorisationSteps.java:22)
✽.i validate successful authorisation(file:///Users/kavyaps/Intellij%20Projects/LeaseDigitalAPIAutomation/src/test/resources/features/RealTimeFlights.feature:5)
</system-err></testcase><testcase name="Tracking and retrieving real time flight status"><failure message="1 expectation failed.&#10;Expected status code &lt;200&gt; but was &lt;429&gt;.&#10;" type="java.lang.AssertionError">1 expectation failed.
Expected status code &lt;200&gt; but was &lt;429&gt;.
</failure><system-err>1 expectation failed.
Expected status code &lt;200&gt; but was &lt;429&gt;.

io.restassured.internal.ResponseSpecificationImpl.validateResponseIfRequired(ResponseSpecificationImpl.groovy:674)
io.restassured.internal.ResponseSpecificationImpl.statusCode(ResponseSpecificationImpl.groovy:126)
io.restassured.internal.ResponseSpecificationImpl.statusCode(ResponseSpecificationImpl.groovy:134)
io.restassured.internal.ValidatableResponseOptionsImpl.statusCode(ValidatableResponseOptionsImpl.java:89)
io.restassured.internal.ValidatableResponseImpl.super$2$statusCode(ValidatableResponseImpl.groovy)
groovy.lang.MetaMethod.doMethodInvoke(MetaMethod.java:323)
groovy.lang.MetaClassImpl.invokeMethod(MetaClassImpl.java:1268)
io.restassured.internal.ValidatableResponseImpl.statusCode(ValidatableResponseImpl.groovy:142)
io.restassured.internal.ValidatableResponseImpl.statusCode(ValidatableResponseImpl.groovy)
com.aviation.apiautomation.stepdefinitions.common.AuthorisationSteps.authKeyVerificationSuccessful(AuthorisationSteps.java:22)
✽.i validate successful authorisation(file:///Users/kavyaps/Intellij%20Projects/LeaseDigitalAPIAutomation/src/test/resources/features/RealTimeFlights.feature:5)
</system-err></testcase></testsuite>